INFO: [XOCC 60-897] Reading --xp value from platform: param:compiler.lockFlowCritSlackThreshold=0
INFO: [XOCC 60-897] Reading --xp value from platform: vivado_param:bd.disablePrefixForFaasIntf=1
INFO: [XOCC 60-897] Reading --xp value from platform: vivado_param:hd.routingContainmentAreaExpansion=true
INFO: [XOCC 60-897] Reading --xp value from platform: vivado_param:hd.supportClockNetCrossDiffReconfigurablePartitions=1
INFO: [XOCC 60-897] Reading --xp value from platform: vivado_param:bitstream.enablePR=4123
INFO: [XOCC 60-897] Reading --xp value from platform: vivado_param:physynth.ultraRAMOptOutput=false
INFO: [XOCC 60-897] Reading --xp value from platform: vivado_prop:run.__KERNEL__.{STEPS.SYNTH_DESIGN.ARGS.MAX_URAM_CASCADE_HEIGHT}={1}
INFO: [XOCC 60-897] Reading --xp value from platform: vivado_param:synth.elaboration.rodinMoreOptions={rt::set_parameter disableOregPackingUram true}
Attempting to get a license: ap_opencl
Feature available: ap_opencl
WARNING: [XOCC 60-642] Invalid parameter name: compiler.generateExtraRunData
WARNING: [XOCC 60-642] Invalid parameter name: compiler.lockFlowCritSlackThreshold
WARNING: [XOCC 60-642] Invalid parameter name: compiler.preserveHlsOutput
INFO: [XOCC 60-1306] Additional information associated with this xocc link can be found at:
	Reports: /home/centos/aws-fpga/SDAccel/examples/xilinx_2018.3/getting_started/cs-259-19f/hw2/_x/reports/link
	Log files: /home/centos/aws-fpga/SDAccel/examples/xilinx_2018.3/getting_started/cs-259-19f/hw2/_x/logs/link
INFO: [XOCC 60-629] Linking for software emulation target
INFO: [XOCC 60-895]   Target platform: /home/centos/aws-fpga/SDAccel/aws_platform/xilinx_aws-vu9p-f1-04261818_dynamic_5_0/xilinx_aws-vu9p-f1-04261818_dynamic_5_0.xpfm
WARNING: [XOCC 74-49] Failed to read in file /opt/Xilinx/SDx/2018.3.op2405991/platforms/achromatic during platform validation.
INFO: [XOCC 60-423]   Target device: xilinx_aws-vu9p-f1-04261818_dynamic_5_0
INFO: [XOCC 60-645] kernel flags are ''
INFO: [XOCC 60-586] Created xclbin/digitrec_kernel.sw_emu.xilinx_aws-vu9p-f1-04261818_dynamic_5_0.xclbin
INFO: [XOCC 60-1307] Run completed. Additional information can be found in:
	Guidance: /home/centos/aws-fpga/SDAccel/examples/xilinx_2018.3/getting_started/cs-259-19f/hw2/_x/reports/link/xocc_link_digitrec_kernel.sw_emu.xilinx_aws-vu9p-f1-04261818_dynamic_5_0_guidance.html
	Steps Log File: /home/centos/aws-fpga/SDAccel/examples/xilinx_2018.3/getting_started/cs-259-19f/hw2/_x/logs/link/link.steps.log

INFO: [XOCC 60-791] Total elapsed time: 0h 0m 10s
