INFO: [XOCC 60-897] Reading --xp value from platform: param:compiler.lockFlowCritSlackThreshold=0
INFO: [XOCC 60-897] Reading --xp value from platform: vivado_param:bd.disablePrefixForFaasIntf=1
INFO: [XOCC 60-897] Reading --xp value from platform: vivado_param:hd.routingContainmentAreaExpansion=true
INFO: [XOCC 60-897] Reading --xp value from platform: vivado_param:hd.supportClockNetCrossDiffReconfigurablePartitions=1
INFO: [XOCC 60-897] Reading --xp value from platform: vivado_param:bitstream.enablePR=4123
INFO: [XOCC 60-897] Reading --xp value from platform: vivado_param:physynth.ultraRAMOptOutput=false
INFO: [XOCC 60-897] Reading --xp value from platform: vivado_prop:run.__KERNEL__.{STEPS.SYNTH_DESIGN.ARGS.MAX_URAM_CASCADE_HEIGHT}={1}
INFO: [XOCC 60-897] Reading --xp value from platform: vivado_param:synth.elaboration.rodinMoreOptions={rt::set_parameter disableOregPackingUram true}
Attempting to get a license: ap_opencl
Feature available: ap_opencl
WARNING: [XOCC 60-642] Invalid parameter name: compiler.generateExtraRunData
WARNING: [XOCC 60-642] Invalid parameter name: compiler.lockFlowCritSlackThreshold
WARNING: [XOCC 60-642] Invalid parameter name: compiler.preserveHlsOutput
INFO: [XOCC 60-1306] Additional information associated with this xocc link can be found at:
	Reports: /home/centos/aws-fpga/SDAccel/examples/xilinx_2018.3/getting_started/cs-259-19f/hw2/_x/reports/link
	Log files: /home/centos/aws-fpga/SDAccel/examples/xilinx_2018.3/getting_started/cs-259-19f/hw2/_x/logs/link
INFO: [XOCC 60-629] Linking for hardware emulation target
INFO: [XOCC 60-895]   Target platform: /home/centos/aws-fpga/SDAccel/aws_platform/xilinx_aws-vu9p-f1-04261818_dynamic_5_0/xilinx_aws-vu9p-f1-04261818_dynamic_5_0.xpfm
WARNING: [XOCC 74-49] Failed to read in file /opt/Xilinx/SDx/2018.3.op2405991/platforms/achromatic during platform validation.
INFO: [XOCC 60-423]   Target device: xilinx_aws-vu9p-f1-04261818_dynamic_5_0
INFO: [XOCC 60-825] xocc command line options for sdx_link are --xo xclbin/digitrec_kernel.hw_emu.xilinx_aws-vu9p-f1-04261818_dynamic_5_0.xo -keep 
using /home/centos/aws-fpga/SDAccel/aws_platform/xilinx_aws-vu9p-f1-04261818_dynamic_5_0/xilinx_aws-vu9p-f1-04261818_dynamic_5_0.xpfm
extracting xo v3 file /home/centos/aws-fpga/SDAccel/examples/xilinx_2018.3/getting_started/cs-259-19f/hw2/xclbin/digitrec_kernel.hw_emu.xilinx_aws-vu9p-f1-04261818_dynamic_5_0.xo
Creating IP database /home/centos/aws-fpga/SDAccel/examples/xilinx_2018.3/getting_started/cs-259-19f/hw2/_x/link/sys_link/_sds/.cdb/xd_ip_db.xml
processing accelerators: /home/centos/aws-fpga/SDAccel/examples/xilinx_2018.3/getting_started/cs-259-19f/hw2/_x/link/sys_link/iprepo/xilinx_com_hls_digitrec_kernel_1_0
ip_dir: /home/centos/aws-fpga/SDAccel/examples/xilinx_2018.3/getting_started/cs-259-19f/hw2/_x/link/sys_link/iprepo/xilinx_com_hls_digitrec_kernel_1_0
/opt/Xilinx/SDx/2018.3.op2405991/bin/xsltproc --stringparam xpath "spirit:component/spirit:name/text()" /opt/Xilinx/SDx/2018.3.op2405991/scripts/xdcc/xpathValueOf.xsl /home/centos/aws-fpga/SDAccel/examples/xilinx_2018.3/getting_started/cs-259-19f/hw2/_x/link/sys_link/iprepo/xilinx_com_hls_digitrec_kernel_1_0/component.xml
ip_name: digitrec_kernel
Creating apsys_0.xml
INFO: [CFGEN 83-2226] Inferring mapping for argument digitrec_kernel_1.train_images to bank0
INFO: [CFGEN 83-2226] Inferring mapping for argument digitrec_kernel_1.knn_mat to bank0

Creating dr.bd.tcl
INFO: [XOCC 60-812] xocc command line options for vpl are --xp param:compiler.lockFlowCritSlackThreshold=0 --xp vivado_param:bd.disablePrefixForFaasIntf=1 --xp vivado_param:hd.routingContainmentAreaExpansion=true --xp vivado_param:hd.supportClockNetCrossDiffReconfigurablePartitions=1 --xp vivado_param:bitstream.enablePR=4123 --xp vivado_param:physynth.ultraRAMOptOutput=false --xp vivado_prop:run.__KERNEL__.{STEPS.SYNTH_DESIGN.ARGS.MAX_URAM_CASCADE_HEIGHT}={1} --xp vivado_param:synth.elaboration.rodinMoreOptions={rt::set_parameter disableOregPackingUram true} -t hw_emu -f /home/centos/aws-fpga/SDAccel/aws_platform/xilinx_aws-vu9p-f1-04261818_dynamic_5_0/xilinx_aws-vu9p-f1-04261818_dynamic_5_0.xpfm --xp param:compiler.enablePerformanceTrace=1 --xp misc:report=type report_timing_summary name impl_report_timing_summary_route_design_summary steps {route_design} runs {impl_1} options {-max_paths 10} --xp vivado_prop:run.__KERNEL__.{STEPS.SYNTH_DESIGN.ARGS.MORE OPTIONS}={-directive sdx_optimization_effort_high} --xp param:compiler.preserveHlsOutput=1 --xp param:compiler.generateExtraRunData=true --xp param:compiler.useHlsGpp=1 -s --xp misc:BinaryName=digitrec_kernel.hw_emu.xilinx_aws-vu9p-f1-04261818_dynamic_5_0 

****** vpl v2018.3.op (64-bit)
  **** SW Build 2405991 on Thu Dec  6 23:36:41 MST 2018
    ** Copyright 1986-2018 Xilinx, Inc. All Rights Reserved.

Attempting to get a license: ap_opencl
Feature available: ap_opencl
INFO: [VPL 60-839] Read in kernel information from file '/home/centos/aws-fpga/SDAccel/examples/xilinx_2018.3/getting_started/cs-259-19f/hw2/_x/link/int/kernel_info.dat'.
WARNING: [VPL 60-642] Invalid parameter name: compiler.generateExtraRunData
WARNING: [VPL 60-642] Invalid parameter name: compiler.lockFlowCritSlackThreshold
WARNING: [VPL 60-642] Invalid parameter name: compiler.preserveHlsOutput
WARNING: [VPL 74-49] Failed to read in file /opt/Xilinx/SDx/2018.3.op2405991/platforms/achromatic during platform validation.
INFO: [VPL 60-423]   Target device: xilinx_aws-vu9p-f1-04261818_dynamic_5_0
INFO: [VPL 60-1032] Extracting DSA to /home/centos/aws-fpga/SDAccel/examples/xilinx_2018.3/getting_started/cs-259-19f/hw2/_x/link/vivado/.local/dsa
INFO: [VPL 60-251]   Hardware accelerator integration...
INFO: [XOCC 60-991] clock name 'kernel_clk_clk' (clock ID '0') is being mapped to clock name 'DATA_CLK' in the xclbin
INFO: [XOCC 60-991] clock name 'kernel2_clk_clk' (clock ID '1') is being mapped to clock name 'KERNEL_CLK' in the xclbin
INFO: [XOCC 60-991] clock name 'clk_main_a0' (clock ID '') is being mapped to clock name 'clk_main_a0' in the xclbin
INFO: [XOCC 60-1230] The compiler selected the following frequencies for the runtime controllable kernel clock(s) and scalable system clock(s): System (SYSTEM) clock: clk_main_a0 = 250, Kernel (DATA) clock: kernel_clk_clk = 300, Kernel (KERNEL) clock: kernel2_clk_clk = 500
INFO: [XOCC 60-244] Generating system estimate report...
INFO: [XOCC 60-1092] Generated system estimate report: /home/centos/aws-fpga/SDAccel/examples/xilinx_2018.3/getting_started/cs-259-19f/hw2/_x/reports/link/system_estimate_digitrec_kernel.hw_emu.xilinx_aws-vu9p-f1-04261818_dynamic_5_0.xtxt
INFO: [XOCC 60-586] Created xclbin/digitrec_kernel.hw_emu.xilinx_aws-vu9p-f1-04261818_dynamic_5_0.xclbin
INFO: [XOCC 60-1307] Run completed. Additional information can be found in:
	Guidance: /home/centos/aws-fpga/SDAccel/examples/xilinx_2018.3/getting_started/cs-259-19f/hw2/_x/reports/link/xocc_link_digitrec_kernel.hw_emu.xilinx_aws-vu9p-f1-04261818_dynamic_5_0_guidance.html
	Vivado Log: /home/centos/aws-fpga/SDAccel/examples/xilinx_2018.3/getting_started/cs-259-19f/hw2/_x/logs/link/vivado.log
	Steps Log File: /home/centos/aws-fpga/SDAccel/examples/xilinx_2018.3/getting_started/cs-259-19f/hw2/_x/logs/link/link.steps.log

INFO: [XOCC 60-791] Total elapsed time: 0h 1m 43s
