Attempting to get a license: ap_opencl
Feature available: ap_opencl
WARNING: [XOCC 60-642] Invalid parameter name: compiler.generateExtraRunData
WARNING: [XOCC 60-642] Invalid parameter name: compiler.preserveHlsOutput
INFO: [XOCC 60-1306] Additional information associated with this xocc compile can be found at:
	Reports: /home/centos/aws-fpga/SDAccel/examples/xilinx_2018.3/getting_started/cs-259-19f/hw2/_x/reports/digitrec_kernel.hw_emu.xilinx_aws-vu9p-f1-04261818_dynamic_5_0
	Log files: /home/centos/aws-fpga/SDAccel/examples/xilinx_2018.3/getting_started/cs-259-19f/hw2/_x/logs/digitrec_kernel.hw_emu.xilinx_aws-vu9p-f1-04261818_dynamic_5_0
INFO: [XOCC 60-585] Compiling for hardware emulation target
INFO: [XOCC 60-895]   Target platform: /home/centos/aws-fpga/SDAccel/aws_platform/xilinx_aws-vu9p-f1-04261818_dynamic_5_0/xilinx_aws-vu9p-f1-04261818_dynamic_5_0.xpfm
WARNING: [XOCC 74-49] Failed to read in file /opt/Xilinx/SDx/2018.3.op2405991/platforms/achromatic during platform validation.
INFO: [XOCC 60-423]   Target device: xilinx_aws-vu9p-f1-04261818_dynamic_5_0
INFO: [XOCC 60-242] Creating kernel: 'digitrec_kernel'

===>The following messages were generated while  performing high-level synthesis for kernel: digitrec_kernel Log file: /home/centos/aws-fpga/SDAccel/examples/xilinx_2018.3/getting_started/cs-259-19f/hw2/_x/digitrec_kernel.hw_emu.xilinx_aws-vu9p-f1-04261818_dynamic_5_0/digitrec_kernel/vivado_hls.log :
INFO: [XOCC 204-61] Option 'relax_ii_for_timing' is enabled, will increase II to preserve clock frequency constraints.
INFO: [XOCC 204-61] Pipelining loop 'Loop 1'.
INFO: [XOCC 204-61] Pipelining result : Target II = 1, Final II = 1, Depth = 3.
INFO: [XOCC 204-61] Pipelining loop 'compute'.
INFO: [XOCC 204-61] Pipelining result : Target II = 1, Final II = 3, Depth = 5.
INFO: [XOCC 60-594] Finished kernel compilation
INFO: [XOCC 60-244] Generating system estimate report...
INFO: [XOCC 60-1092] Generated system estimate report: /home/centos/aws-fpga/SDAccel/examples/xilinx_2018.3/getting_started/cs-259-19f/hw2/_x/reports/digitrec_kernel.hw_emu.xilinx_aws-vu9p-f1-04261818_dynamic_5_0/system_estimate_digitrec_kernel.hw_emu.xilinx_aws-vu9p-f1-04261818_dynamic_5_0.xtxt
INFO: [XOCC 60-586] Created xclbin/digitrec_kernel.hw_emu.xilinx_aws-vu9p-f1-04261818_dynamic_5_0.xo
INFO: [XOCC 60-791] Total elapsed time: 0h 1m 55s
